<?xml version="1.0" encoding="UTF-8"?>
<testsuite name="com.fullcycle.admin.catalogo.infrastruture.MainTest" tests="1" skipped="0" failures="0" errors="0" timestamp="2024-03-31T22:03:24" hostname="LENOVO" time="0.047">
  <properties/>
  <testcase name="testMain()" classname="com.fullcycle.admin.catalogo.infrastruture.MainTest" time="0.047"/>
  <system-out><![CDATA[Hello and welcome!]]></system-out>
  <system-err><![CDATA[]]></system-err>
</testsuite>
